<?xml version="1.0" encoding="UTF-8"?>
<!-- Generated by org.testng.reporters.JUnitXMLReporter -->
<testsuite ignored="0" hostname="DESKTOP-L4NSR6G" failures="0" tests="10" name="Default test" time="197.521" errors="0" timestamp="2024-12-24T10:22:09 IST">
  <testcase classname="TestProject.ProductSearchPage" name="productSearch" time="1.645"/>
  <testcase classname="TestProject.ProductSearchPage" name="productSearch" time="1.481"/>
  <testcase classname="TestProject.ProductSearchPage" name="productSearch" time="1.852"/>
  <testcase classname="TestProject.ProductSearchPage" name="productSearch" time="3.962"/>
  <testcase classname="TestProject.ProductSearchPage" name="productSearch" time="1.651"/>
  <testcase classname="TestProject.ProductSearchPage" name="productSearch" time="1.201"/>
  <testcase classname="TestProject.ProductSearchPage" name="productSearch" time="2.073"/>
  <testcase classname="TestProject.ProductSearchPage" name="productSearch" time="1.547"/>
  <testcase classname="TestProject.ProductSearchPage" name="productSearch" time="1.13"/>
  <testcase classname="TestProject.ProductSearchPage" name="productSearch" time="1.783"/>
</testsuite> <!-- Default test -->
